
==================================  clusters  ==================================
No	model	n_sites	position	ref.
1	clus	4	(0,0,0)	0
2	uncor	8	(0,0,0)	1

===================================  sites  ====================================
No	cluster	No in cluster	orbital	position
1	1	1	1	(0,0,0)
2	1	2	1	(2,0,0)
3	1	3	1	(0,2,0)
4	1	4	1	(2,2,0)
5	2	1	2	(1,0,0)
6	2	2	2	(3,0,0)
7	2	3	3	(0,1,0)
8	2	4	3	(2,1,0)
9	2	5	2	(1,2,0)
10	2	6	2	(3,2,0)
11	2	7	3	(0,3,0)
12	2	8	3	(2,3,0)

..................................  NN bonds  ..................................
No	cluster	No in cluster	orbital	position

...................................  bases  ....................................
dual:
(3.14159,0,0)
(0,3.14159,0)
(0,0,0.00306796)

phys:
(2,0,0)
(0,2,0)
(0,0,2)

physdual:
(3.14159,0,0)
(0,3.14159,0)
(0,0,3.14159)

superdual:
(1.5708,0,0)
(0,1.5708,0)
(0,0,0.00306796)

superlattice:
Dimension 2
(4,0,0)
(0,4,0)
lattice transformation matrix:
0.25	0	0	
0	0.25	0	
0	0	0.000488281	



unit_cell:
Dimension 2
(2,0,0)
(0,2,0)
lattice transformation matrix:
0.5	0	0	
0	0.5	0	
0	0	0.000488281	




.................................  neighbors  ..................................
1 : (4,0,0)
2 : (-4,0,0)
3 : (0,4,0)
4 : (0,-4,0)
5 : (-4,4,0)
6 : (4,-4,0)

=============================  lattice operators  ==============================

D	(singlet)	norm = 1
elements (primitive form):
(1+,2-;0) : 0.5
(1-,2+;0) : -0.5
(2-,1+;0) : -0.5
(2+,1-;0) : 0.5
(2+,1-;2) : 0.5
(2-,1+;2) : -0.5
(1-,2+;1) : -0.5
(1+,2-;1) : 0.5
(3+,4-;0) : 0.5
(3-,4+;0) : -0.5
(4-,3+;0) : -0.5
(4+,3-;0) : 0.5
(4+,3-;2) : 0.5
(4-,3+;2) : -0.5
(3-,4+;1) : -0.5
(3+,4-;1) : 0.5
(1+,3-;0) : 0.5
(1-,3+;0) : -0.5
(3-,1+;0) : -0.5
(3+,1-;0) : 0.5
(2+,4-;0) : 0.5
(2-,4+;0) : -0.5
(4-,2+;0) : -0.5
(4+,2-;0) : 0.5
(3+,1-;4) : 0.5
(3-,1+;4) : -0.5
(1-,3+;3) : -0.5
(1+,3-;3) : 0.5
(4+,2-;4) : 0.5
(4-,2+;4) : -0.5
(2-,4+;3) : -0.5
(2+,4-;3) : 0.5
elements (in Green function basis):

U	(Hubbard or extended Hubbard)	norm = 1
elements (primitive form):
(1+,1-;0) : 1
(2+,2-;0) : 1
(3+,3-;0) : 1
(4+,4-;0) : 1

e	(one-body)	norm = 1
elements (primitive form):
(5+,5+;0) : 1
(5-,5-;0) : 1
(6+,6+;0) : 1
(6-,6-;0) : 1
(9+,9+;0) : 1
(9-,9-;0) : 1
(10+,10+;0) : 1
(10-,10-;0) : 1
(7+,7+;0) : 1
(7-,7-;0) : 1
(8+,8+;0) : 1
(8-,8-;0) : 1
(11+,11+;0) : 1
(11-,11-;0) : 1
(12+,12+;0) : 1
(12-,12-;0) : 1
elements (in Green function basis):

mu	(one-body)	norm = 1
elements (primitive form):
(1+,1+;0) : -1
(1-,1-;0) : -1
(2+,2+;0) : -1
(2-,2-;0) : -1
(3+,3+;0) : -1
(3-,3-;0) : -1
(4+,4+;0) : -1
(4-,4-;0) : -1
(5+,5+;0) : -1
(5-,5-;0) : -1
(6+,6+;0) : -1
(6-,6-;0) : -1
(7+,7+;0) : -1
(7-,7-;0) : -1
(8+,8+;0) : -1
(8-,8-;0) : -1
(9+,9+;0) : -1
(9-,9-;0) : -1
(10+,10+;0) : -1
(10-,10-;0) : -1
(11+,11+;0) : -1
(11-,11-;0) : -1
(12+,12+;0) : -1
(12-,12-;0) : -1
elements (in Green function basis):

tc	(one-body)	norm = 1
elements (primitive form):
(1+,2+;0) : -1
(1-,2-;0) : -1
(2+,1+;0) : -1
(2-,1-;0) : -1
(2+,1+;1) : -1
(2-,1-;1) : -1
(1+,2+;2) : -1
(1-,2-;2) : -1
(3+,4+;0) : -1
(3-,4-;0) : -1
(4+,3+;0) : -1
(4-,3-;0) : -1
(4+,3+;1) : -1
(4-,3-;1) : -1
(3+,4+;2) : -1
(3-,4-;2) : -1
(1+,3+;0) : -1
(1-,3-;0) : -1
(3+,1+;0) : -1
(3-,1-;0) : -1
(2+,4+;0) : -1
(2-,4-;0) : -1
(4+,2+;0) : -1
(4-,2-;0) : -1
(3+,1+;3) : -1
(3-,1-;3) : -1
(1+,3+;4) : -1
(1-,3-;4) : -1
(4+,2+;3) : -1
(4-,2-;3) : -1
(2+,4+;4) : -1
(2-,4-;4) : -1
elements (in Green function basis):

tpd	(one-body)	norm = 1
elements (primitive form):
(1+,5+;0) : 1
(1-,5-;0) : 1
(5+,1+;0) : 1
(5-,1-;0) : 1
(2+,6+;0) : 1
(2-,6-;0) : 1
(6+,2+;0) : 1
(6-,2-;0) : 1
(3+,9+;0) : 1
(3-,9-;0) : 1
(9+,3+;0) : 1
(9-,3-;0) : 1
(4+,10+;0) : 1
(4-,10-;0) : 1
(10+,4+;0) : 1
(10-,4-;0) : 1
(5+,2+;0) : -1
(5-,2-;0) : -1
(2+,5+;0) : -1
(2-,5-;0) : -1
(6+,1+;1) : -1
(6-,1-;1) : -1
(1+,6+;2) : -1
(1-,6-;2) : -1
(9+,4+;0) : -1
(9-,4-;0) : -1
(4+,9+;0) : -1
(4-,9-;0) : -1
(10+,3+;1) : -1
(10-,3-;1) : -1
(3+,10+;2) : -1
(3-,10-;2) : -1
(1+,7+;0) : 1
(1-,7-;0) : 1
(7+,1+;0) : 1
(7-,1-;0) : 1
(2+,8+;0) : 1
(2-,8-;0) : 1
(8+,2+;0) : 1
(8-,2-;0) : 1
(3+,11+;0) : 1
(3-,11-;0) : 1
(11+,3+;0) : 1
(11-,3-;0) : 1
(4+,12+;0) : 1
(4-,12-;0) : 1
(12+,4+;0) : 1
(12-,4-;0) : 1
(7+,3+;0) : -1
(7-,3-;0) : -1
(3+,7+;0) : -1
(3-,7-;0) : -1
(8+,4+;0) : -1
(8-,4-;0) : -1
(4+,8+;0) : -1
(4-,8-;0) : -1
(11+,1+;3) : -1
(11-,1-;3) : -1
(1+,11+;4) : -1
(1-,11-;4) : -1
(12+,2+;3) : -1
(12-,2-;3) : -1
(2+,12+;4) : -1
(2-,12-;4) : -1
elements (in Green function basis):

tpp	(one-body)	norm = 1
elements (primitive form):
(5+,8+;0) : -1
(5-,8-;0) : -1
(8+,5+;0) : -1
(8-,5-;0) : -1
(6+,7+;1) : -1
(6-,7-;1) : -1
(7+,6+;2) : -1
(7-,6-;2) : -1
(9+,12+;0) : -1
(9-,12-;0) : -1
(12+,9+;0) : -1
(12-,9-;0) : -1
(10+,11+;1) : -1
(10-,11-;1) : -1
(11+,10+;2) : -1
(11-,10-;2) : -1
(7+,9+;0) : -1
(7-,9-;0) : -1
(9+,7+;0) : -1
(9-,7-;0) : -1
(8+,10+;0) : -1
(8-,10-;0) : -1
(10+,8+;0) : -1
(10-,8-;0) : -1
(11+,5+;3) : -1
(11-,5-;3) : -1
(5+,11+;4) : -1
(5-,11-;4) : -1
(12+,6+;3) : -1
(12-,6-;3) : -1
(6+,12+;4) : -1
(6-,12-;4) : -1
(5+,7+;0) : 1
(5-,7-;0) : 1
(7+,5+;0) : 1
(7-,5-;0) : 1
(6+,8+;0) : 1
(6-,8-;0) : 1
(8+,6+;0) : 1
(8-,6-;0) : 1
(9+,11+;0) : 1
(9-,11-;0) : 1
(11+,9+;0) : 1
(11-,9-;0) : 1
(10+,12+;0) : 1
(10-,12-;0) : 1
(12+,10+;0) : 1
(12-,10-;0) : 1
(7+,10+;2) : 1
(7-,10-;2) : 1
(10+,7+;1) : 1
(10-,7-;1) : 1
(8+,9+;0) : 1
(8-,9-;0) : 1
(9+,8+;0) : 1
(9-,8-;0) : 1
(11+,6+;5) : 1
(11-,6-;5) : 1
(6+,11+;6) : 1
(6-,11-;6) : 1
(12+,5+;3) : 1
(12-,5-;3) : 1
(5+,12+;4) : 1
(5-,12-;4) : 1
elements (in Green function basis):

tppp	(one-body)	norm = 1
elements (primitive form):
(5+,6+;0) : 1
(5-,6-;0) : 1
(6+,5+;0) : 1
(6-,5-;0) : 1
(6+,5+;1) : 1
(6-,5-;1) : 1
(5+,6+;2) : 1
(5-,6-;2) : 1
(9+,10+;0) : 1
(9-,10-;0) : 1
(10+,9+;0) : 1
(10-,9-;0) : 1
(10+,9+;1) : 1
(10-,9-;1) : 1
(9+,10+;2) : 1
(9-,10-;2) : 1
(7+,11+;0) : 1
(7-,11-;0) : 1
(11+,7+;0) : 1
(11-,7-;0) : 1
(8+,12+;0) : 1
(8-,12-;0) : 1
(12+,8+;0) : 1
(12-,8-;0) : 1
(11+,7+;3) : 1
(11-,7-;3) : 1
(7+,11+;4) : 1
(7-,11-;4) : 1
(12+,8+;3) : 1
(12-,8-;3) : 1
(8+,12+;4) : 1
(8-,12-;4) : 1
elements (in Green function basis):

*******************************  cluster models  *******************************

--------------------------------  cluster clus  --------------------------------
generators
1 : (1, 0, 3, 2, 0, 0, 0, 0, 2, 2, 2, 2)
2 : (2, 3, 0, 1, 0, 0, 2, 2, 0, 0, 2, 2)

group elements
1 : (0, 1, 2, 3, 0, 0, 0, 0, 0, 0, 0, 0)
2 : (1, 0, 3, 2, 0, 0, 0, 0, 2, 2, 2, 2)
3 : (2, 3, 0, 1, 0, 0, 2, 2, 0, 0, 2, 2)
4 : (3, 2, 1, 0, 0, 0, 2, 2, 2, 2, 0, 0)

Symmetric orbitals:
(0.5,0)	(0.5,0)	(0.5,0)	(0.5,0)	
(0.5,0)	(-0.5,0)	(0.5,0)	(-0.5,0)	
(0.5,0)	(0.5,0)	(-0.5,0)	(-0.5,0)	
(0.5,0)	(-0.5,0)	(-0.5,0)	(0.5,0)	



phases according to the different irreps:
0	0	0	0	
0	2	0	2	
0	0	2	2	
0	2	2	0	



phaseR:
(1, -1, -1, -1, -1, -1, -1, -1)

phaseC:
((1,0), (0.707107,0.707107), (6.12323e-17,1), (-0.707107,0.707107), (-1,1.22465e-16), (-0.707107,-0.707107), (-1.83697e-16,-1), (0.707107,-0.707107))


one-body operator eb1	 (mixing 0, target 2)
5	5	1
17	17	1

one-body operator eb2	 (mixing 0, target 2)
6	6	1
18	18	1

one-body operator eb3	 (mixing 0, target 2)
7	7	1
19	19	1

one-body operator eb4	 (mixing 0, target 2)
8	8	1
20	20	1

one-body operator eb5	 (mixing 0, target 2)
9	9	1
21	21	1

one-body operator eb6	 (mixing 0, target 2)
10	10	1
22	22	1

one-body operator eb7	 (mixing 0, target 2)
11	11	1
23	23	1

one-body operator eb8	 (mixing 0, target 2)
12	12	1
24	24	1

anomalous operator sb1	 (mixing 1)
1	17	0.5
17	1	-0.5
2	17	0.5
17	2	-0.5
3	17	0.5
17	3	-0.5
4	17	0.5
17	4	-0.5
5	13	0.5
13	5	-0.5
5	14	0.5
14	5	-0.5
5	15	0.5
15	5	-0.5
5	16	0.5
16	5	-0.5

anomalous operator sb2	 (mixing 1)
1	18	0.5
18	1	-0.5
2	18	0.5
18	2	-0.5
3	18	0.5
18	3	-0.5
4	18	0.5
18	4	-0.5
6	13	0.5
13	6	-0.5
6	14	0.5
14	6	-0.5
6	15	0.5
15	6	-0.5
6	16	0.5
16	6	-0.5

anomalous operator sb3	 (mixing 1)
1	19	0.5
19	1	-0.5
2	19	0.5
19	2	-0.5
3	19	-0.5
19	3	0.5
4	19	-0.5
19	4	0.5
7	13	0.5
13	7	-0.5
7	14	0.5
14	7	-0.5
7	15	-0.5
15	7	0.5
7	16	-0.5
16	7	0.5

anomalous operator sb4	 (mixing 1)
1	20	0.5
20	1	-0.5
2	20	0.5
20	2	-0.5
3	20	-0.5
20	3	0.5
4	20	-0.5
20	4	0.5
8	13	0.5
13	8	-0.5
8	14	0.5
14	8	-0.5
8	15	-0.5
15	8	0.5
8	16	-0.5
16	8	0.5

anomalous operator sb5	 (mixing 1)
1	21	0.5
21	1	-0.5
2	21	-0.5
21	2	0.5
3	21	0.5
21	3	-0.5
4	21	-0.5
21	4	0.5
9	13	0.5
13	9	-0.5
9	14	-0.5
14	9	0.5
9	15	0.5
15	9	-0.5
9	16	-0.5
16	9	0.5

anomalous operator sb6	 (mixing 1)
1	22	0.5
22	1	-0.5
2	22	-0.5
22	2	0.5
3	22	0.5
22	3	-0.5
4	22	-0.5
22	4	0.5
10	13	0.5
13	10	-0.5
10	14	-0.5
14	10	0.5
10	15	0.5
15	10	-0.5
10	16	-0.5
16	10	0.5

anomalous operator sb7	 (mixing 1)
1	23	0.5
23	1	-0.5
2	23	-0.5
23	2	0.5
3	23	-0.5
23	3	0.5
4	23	0.5
23	4	-0.5
11	13	0.5
13	11	-0.5
11	14	-0.5
14	11	0.5
11	15	-0.5
15	11	0.5
11	16	0.5
16	11	-0.5

anomalous operator sb8	 (mixing 1)
1	24	0.5
24	1	-0.5
2	24	-0.5
24	2	0.5
3	24	-0.5
24	3	0.5
4	24	0.5
24	4	-0.5
12	13	0.5
13	12	-0.5
12	14	-0.5
14	12	0.5
12	15	-0.5
15	12	0.5
12	16	0.5
16	12	-0.5

one-body operator tb1	 (mixing 0, target 3)
1	5	1
5	1	1
2	5	1
5	2	1
3	5	1
5	3	1
4	5	1
5	4	1
13	17	1
17	13	1
14	17	1
17	14	1
15	17	1
17	15	1
16	17	1
17	16	1

one-body operator tb2	 (mixing 0, target 3)
1	6	1
6	1	1
2	6	1
6	2	1
3	6	1
6	3	1
4	6	1
6	4	1
13	18	1
18	13	1
14	18	1
18	14	1
15	18	1
18	15	1
16	18	1
18	16	1

one-body operator tb3	 (mixing 0, target 3)
1	7	1
7	1	1
2	7	1
7	2	1
3	7	-1
7	3	-1
4	7	-1
7	4	-1
13	19	1
19	13	1
14	19	1
19	14	1
15	19	-1
19	15	-1
16	19	-1
19	16	-1

one-body operator tb4	 (mixing 0, target 3)
1	8	1
8	1	1
2	8	1
8	2	1
3	8	-1
8	3	-1
4	8	-1
8	4	-1
13	20	1
20	13	1
14	20	1
20	14	1
15	20	-1
20	15	-1
16	20	-1
20	16	-1

one-body operator tb5	 (mixing 0, target 3)
1	9	1
9	1	1
2	9	-1
9	2	-1
3	9	1
9	3	1
4	9	-1
9	4	-1
13	21	1
21	13	1
14	21	-1
21	14	-1
15	21	1
21	15	1
16	21	-1
21	16	-1

one-body operator tb6	 (mixing 0, target 3)
1	10	1
10	1	1
2	10	-1
10	2	-1
3	10	1
10	3	1
4	10	-1
10	4	-1
13	22	1
22	13	1
14	22	-1
22	14	-1
15	22	1
22	15	1
16	22	-1
22	16	-1

one-body operator tb7	 (mixing 0, target 3)
1	11	1
11	1	1
2	11	-1
11	2	-1
3	11	-1
11	3	-1
4	11	1
11	4	1
13	23	1
23	13	1
14	23	-1
23	14	-1
15	23	-1
23	15	-1
16	23	1
23	16	1

one-body operator tb8	 (mixing 0, target 3)
1	12	1
12	1	1
2	12	-1
12	2	-1
3	12	-1
12	3	-1
4	12	1
12	4	1
13	24	1
24	13	1
14	24	-1
24	14	-1
15	24	-1
24	15	-1
16	24	1
24	16	1

-------------------------------  cluster uncor  --------------------------------
generators
1 : (0, 1, 2, 3, 4, 5, 6, 7)

group elements
1 : (0, 1, 2, 3, 4, 5, 6, 7)

Symmetric orbitals:
(1,0)	(0,0)	(0,0)	(0,0)	(0,0)	(0,0)	(0,0)	(0,0)	
(0,0)	(1,0)	(0,0)	(0,0)	(0,0)	(0,0)	(0,0)	(0,0)	
(0,0)	(0,0)	(1,0)	(0,0)	(0,0)	(0,0)	(0,0)	(0,0)	
(0,0)	(0,0)	(0,0)	(1,0)	(0,0)	(0,0)	(0,0)	(0,0)	
(0,0)	(0,0)	(0,0)	(0,0)	(1,0)	(0,0)	(0,0)	(0,0)	
(0,0)	(0,0)	(0,0)	(0,0)	(0,0)	(1,0)	(0,0)	(0,0)	
(0,0)	(0,0)	(0,0)	(0,0)	(0,0)	(0,0)	(1,0)	(0,0)	
(0,0)	(0,0)	(0,0)	(0,0)	(0,0)	(0,0)	(0,0)	(1,0)	



phases according to the different irreps:
0	



phaseR:
(1, -1)

phaseC:
((1,0), (-1,1.22465e-16))


==============================  model instances  ===============================
